[2026-03-09T07:15:27.953Z] GET /
[2026-03-09T07:15:28.214Z] GET /favicon.ico
[2026-03-09T07:16:32.761Z] GET /home
[2026-03-09T07:16:41.183Z] GET /Home
[2026-03-09T07:16:45.104Z] GET /Home
[2026-03-09T07:16:47.410Z] GET /Home
[2026-03-09T07:17:01.082Z] GET /
[2026-03-09T07:17:08.219Z] GET /about
[2026-03-09T07:17:35.166Z] GET /contact
[2026-03-09T07:17:45.177Z] GET /form
[2026-03-09T07:17:56.504Z] POST /submit
[2026-03-09T07:24:39.670Z] GET /form
[2026-03-09T07:26:27.494Z] GET /form
[2026-03-09T07:28:18.958Z] GET /about
[2026-03-09T07:28:27.789Z] GET /about
[2026-03-09T07:28:50.096Z] GET /greet?name=John
[2026-03-09T07:35:05.944Z] GET /form
[2026-03-09T07:35:12.465Z] POST /submit
[2026-03-09T08:00:56.297Z] GET /
[2026-03-09T08:01:04.061Z] GET /form
[2026-03-09T08:01:15.851Z] GET /form
[2026-03-09T08:01:22.453Z] GET /about
[2026-03-09T08:04:03.754Z] GET /greet?name=Allah%20Rakha
[2026-03-09T08:05:29.047Z] GET /about
